<?xml version="1.0" encoding="UTF-8"?>
<!-- Generated by org.testng.reporters.JUnitReportReporter -->
<testsuite skipped="0" hostname="FAHIM-AHMED1988" name="ebayWebApp.webAutoApp.testLoginPage" tests="2" failures="0" timestamp="21 Sep 2019 03:09:29 GMT" time="26.537" errors="0">
  <testcase name="testSearchItem" time="10.425" classname="ebayWebApp.webAutoApp.testLoginPage"/>
  <testcase name="testSearchItem" time="16.112" classname="ebayWebApp.webAutoApp.testLoginPage"/>
</testsuite> <!-- ebayWebApp.webAutoApp.testLoginPage -->
