<?xml version="1.0" encoding="UTF-8"?>
<!-- Generated by org.testng.reporters.JUnitReportReporter -->
<testsuite skipped="0" hostname="FAHIM-AHMED1988" name="ebayWebApp.webAutoApp.testHomePage" tests="1" failures="0" timestamp="21 Sep 2019 02:35:13 GMT" time="12.996" errors="0">
  <testcase name="testSearchItem" time="12.996" classname="ebayWebApp.webAutoApp.testHomePage"/>
</testsuite> <!-- ebayWebApp.webAutoApp.testHomePage -->
