<?xml version="1.0" encoding="UTF-8"?>
<!-- Generated by org.testng.reporters.JUnitReportReporter -->
<testsuite skipped="0" hostname="FAHIM-AHMED1988" name="ebayWebApp.webAutoApp.testHomePage" tests="1" failures="0" timestamp="23 Sep 2019 00:10:23 GMT" time="5.470" errors="0">
  <testcase name="testHoveringElement" time="5.470" classname="ebayWebApp.webAutoApp.testHomePage"/>
</testsuite> <!-- ebayWebApp.webAutoApp.testHomePage -->
